18:18:30 [INFO] Configured for debug.
18:18:30 [INFO] address: [1;49;39m127.0.0.1[0m
18:18:30 [INFO] port: [1;49;39m8000[0m
18:18:30 [INFO] workers: [1;49;39m8[0m
18:18:30 [INFO] ident: [1;49;39mRocket[0m
18:18:30 [INFO] limits: [1;49;39mbytes = 8KiB, data-form = 2MiB, file = 1MiB, form = 32KiB, json = 1MiB, msgpack = 1MiB, string = 8KiB[0m
18:18:30 [INFO] temp dir: [1;49;39mC:\Users\DAVID\AppData\Local\Temp\[0m
18:18:30 [INFO] http/2: [1;49;39mtrue[0m
18:18:30 [INFO] keep-alive: [1;49;39m5[0m[1;49;39ms[0m
18:18:30 [INFO] tls: [1;49;39mdisabled[0m
18:18:30 [INFO] shutdown: [1;49;39mctrlc = true, force = true, grace = 2s, mercy = 3s[0m
18:18:30 [INFO] log level: [1;49;39mnormal[0m
18:18:30 [INFO] cli colors: [1;49;39mtrue[0m
18:18:30 [INFO] [35mRoutes[0m:
18:18:30 [INFO] [36m([0m[37mget_items[0m[36m)[0m [32mGET[0m [34m/items[0m
18:18:30 [INFO] [36m([0m[37mget_active_sessions[0m[36m)[0m [32mGET[0m [34m/tables[0m
18:18:30 [INFO] [36m([0m[37mget_item[0m[36m)[0m [32mGET[0m [34m/items/<item_id>[0m
18:18:30 [INFO] [36m([0m[37mnew_session[0m[36m)[0m [32mPOST[0m [34m/tables/<table_nr>[0m
18:18:30 [INFO] [36m([0m[37mget_sessions[0m[36m)[0m [32mGET[0m [34m/tables/<table_nr>[0m
18:18:30 [INFO] [36m([0m[37mend_session[0m[36m)[0m [32mDELETE[0m [34m/tables/<table_nr>[0m
18:18:30 [INFO] [36m([0m[37mnew_order[0m[36m)[0m [32mPOST[0m [34m/tables/<table_nr>/orders[0m
18:18:30 [INFO] [36m([0m[37mget_orders[0m[36m)[0m [32mGET[0m [34m/tables/<table_nr>/orders[0m
18:18:30 [INFO] [36m([0m[37mget_active_session[0m[36m)[0m [32mGET[0m [34m/tables/<table_nr>/active[0m
18:18:30 [INFO] [36m([0m[37mget_order[0m[36m)[0m [32mGET[0m [34m/tables/<table_nr>/orders/<order_id>[0m
18:18:30 [INFO] [36m([0m[37mremove_order[0m[36m)[0m [32mDELETE[0m [34m/tables/<table_nr>/orders/<order_id>[0m
18:18:30 [INFO] [36m([0m[37mremove_item[0m[36m)[0m [32mDELETE[0m [34m/tables/<table_nr>/orders/<order_id>/<item_id>[0m
18:18:30 [INFO] [35mFairings[0m:
18:18:30 [INFO] [1;49;39mRegister handlers[0m ([1;34mignite[0m)
18:18:30 [INFO] [1;49;39mDatabase migrations[0m ([1;34mignite[0m)
18:18:30 [INFO] [1;49;39mStage database[0m ([1;34mignite[0m)
18:18:30 [INFO] [1;49;39m'order_db' Database Pool[0m ([1;34mignite[0m)
18:18:30 [INFO] [1;49;39mShield[0m ([1;34mliftoff, response, singleton[0m)
18:18:30 [INFO] [35mShield[0m:
18:18:30 [INFO] Permissions-Policy: [49;39minterest-cohort=()[0m
18:18:30 [INFO] X-Content-Type-Options: [49;39mnosniff[0m
18:18:30 [INFO] X-Frame-Options: [49;39mSAMEORIGIN[0m
18:18:30 [INFO] [1;49;39mRocket has launched from[0m [1;4;49;39mhttp://127.0.0.1:8000[0m
18:20:14 [INFO] [32mGET[0m [34m/items/[0m:
18:20:14 [INFO] Matched: [36m([0m[37mget_items[0m[36m)[0m [32mGET[0m [34m/items[0m
18:20:14 [INFO] [1;49;39mOutcome:[0m [49;32mSuccess[0m
18:20:14 [INFO] [32mResponse succeeded.[0m
18:25:16 [INFO] [32mGET[0m [34m/items/[0m:
18:25:16 [INFO] Matched: [36m([0m[37mget_items[0m[36m)[0m [32mGET[0m [34m/items[0m
18:25:16 [INFO] [1;49;39mOutcome:[0m [49;32mSuccess[0m
18:25:16 [INFO] [32mResponse succeeded.[0m
18:37:01 [INFO] [32mGET[0m [34m/items/[0m:
18:37:01 [INFO] Matched: [36m([0m[37mget_items[0m[36m)[0m [32mGET[0m [34m/items[0m
18:37:01 [INFO] [1;49;39mOutcome:[0m [49;32mSuccess[0m
18:37:01 [INFO] [32mResponse succeeded.[0m
18:53:09 [INFO] [32mGET[0m [34m/items/[0m:
18:53:09 [INFO] Matched: [36m([0m[37mget_items[0m[36m)[0m [32mGET[0m [34m/items[0m
18:53:09 [INFO] [1;49;39mOutcome:[0m [49;32mSuccess[0m
18:53:09 [INFO] [32mResponse succeeded.[0m
18:58:24 [INFO] [32mGET[0m [34m/items/[0m:
18:58:24 [INFO] Matched: [36m([0m[37mget_items[0m[36m)[0m [32mGET[0m [34m/items[0m
18:58:24 [INFO] [1;49;39mOutcome:[0m [49;32mSuccess[0m
18:58:24 [INFO] [32mResponse succeeded.[0m
18:59:14 [INFO] [32mGET[0m [34m/items/[0m:
18:59:14 [INFO] Matched: [36m([0m[37mget_items[0m[36m)[0m [32mGET[0m [34m/items[0m
18:59:14 [INFO] [1;49;39mOutcome:[0m [49;32mSuccess[0m
18:59:14 [INFO] [32mResponse succeeded.[0m
19:19:22 [INFO] [32mGET[0m [34m/items/[0m:
19:19:22 [INFO] Matched: [36m([0m[37mget_items[0m[36m)[0m [32mGET[0m [34m/items[0m
19:19:22 [INFO] [1;49;39mOutcome:[0m [49;32mSuccess[0m
19:19:22 [INFO] [32mResponse succeeded.[0m
19:24:29 [INFO] [32mGET[0m [34m/items/[0m:
19:24:29 [INFO] Matched: [36m([0m[37mget_items[0m[36m)[0m [32mGET[0m [34m/items[0m
19:24:29 [INFO] [1;49;39mOutcome:[0m [49;32mSuccess[0m
19:24:29 [INFO] [32mResponse succeeded.[0m
19:24:52 [INFO] [32mGET[0m [34m/items/[0m:
19:24:52 [INFO] Matched: [36m([0m[37mget_items[0m[36m)[0m [32mGET[0m [34m/items[0m
19:24:52 [INFO] [1;49;39mOutcome:[0m [49;32mSuccess[0m
19:24:52 [INFO] [32mResponse succeeded.[0m
20:18:42 [INFO] [32mGET[0m [34m/items/[0m:
20:18:42 [INFO] Matched: [36m([0m[37mget_items[0m[36m)[0m [32mGET[0m [34m/items[0m
20:18:42 [INFO] [1;49;39mOutcome:[0m [49;32mSuccess[0m
20:18:42 [INFO] [32mResponse succeeded.[0m
20:18:49 [INFO] [32mGET[0m [34m/items/[0m:
20:18:49 [INFO] Matched: [36m([0m[37mget_items[0m[36m)[0m [32mGET[0m [34m/items[0m
20:18:49 [INFO] [1;49;39mOutcome:[0m [49;32mSuccess[0m
20:18:49 [INFO] [32mResponse succeeded.[0m
20:56:59 [WARN] Received SIGINT. Requesting shutdown.
20:56:59 [INFO] Shutdown requested. Waiting for pending I/O...
20:56:59 [INFO] Graceful shutdown completed successfully.
